#
# There is insufficient memory for the Java Runtime Environment to continue.
# Native memory allocation (mmap) failed to map 532676608 bytes for G1 virtual space
# Possible reasons:
#   The system is out of physical RAM or swap space
#   The process is running with CompressedOops enabled, and the Java Heap may be blocking the growth of the native heap
# Possible solutions:
#   Reduce memory load on the system
#   Increase physical memory or swap space
#   Check if swap backing store is full
#   Decrease Java heap size (-Xmx/-Xms)
#   Decrease number of Java threads
#   Decrease Java thread stack sizes (-Xss)
#   Set larger code cache with -XX:ReservedCodeCacheSize=
#   JVM is running with Zero Based Compressed Oops mode in which the Java heap is
#     placed in the first 32GB address space. The Java Heap base address is the
#     maximum limit for the native heap growth. Please use -XX:HeapBaseMinAddress
#     to set the Java Heap base and to place the Java Heap above 32GB virtual address.
# This output file may be truncated or incomplete.
#
#  Out of Memory Error (./src/hotspot/os/windows/os_windows.cpp:3331), pid=40500, tid=36944
#
# JRE version:  (15.0.10+5) (build )
# Java VM: OpenJDK 64-Bit Server VM (15.0.10+5-MTS, mixed mode, sharing, tiered, compressed oops, g1 gc, windows-amd64)
# No core dump will be written. Minidumps are not enabled by default on client versions of Windows
#

---------------  S U M M A R Y ------------

Command Line: -Djava.net.preferIPv4Stack=true -Dfile.encoding=UTF-8 -Duser.country=KR -Duser.language=ko -Duser.variant hello.login.ItemServiceApplication

Host: 11th Gen Intel(R) Core(TM) i7-11700 @ 2.50GHz, 16 cores, 31G,  Windows 10 , 64 bit Build 19041 (10.0.19041.4957)
Time: Mon Oct 14 14:58:31 2024 대한민국 표준시 elapsed time: 0.011666 seconds (0d 0h 0m 0s)

---------------  T H R E A D  ---------------

Current thread (0x0000021b33383ac0):  JavaThread "Unknown thread" [_thread_in_vm, id=36944, stack(0x000000ea72300000,0x000000ea72400000)]

Stack: [0x000000ea72300000,0x000000ea72400000]
Native frames: (J=compiled Java code, j=interpreted, Vv=VM code, C=native code)
V  [jvm.dll+0x6037ba]
V  [jvm.dll+0x7a3729]
V  [jvm.dll+0x7a4e83]
V  [jvm.dll+0x7a54d3]
V  [jvm.dll+0x1fccf8]
V  [jvm.dll+0x600aea]
V  [jvm.dll+0x5f5835]
V  [jvm.dll+0x2b710d]
V  [jvm.dll+0x2b6f72]
V  [jvm.dll+0x2bcddc]
V  [jvm.dll+0x309818]
V  [jvm.dll+0x308ed4]
V  [jvm.dll+0x28e16a]
V  [jvm.dll+0x28f2d0]
V  [jvm.dll+0x781041]
V  [jvm.dll+0x3177b4]
V  [jvm.dll+0x7623ac]
V  [jvm.dll+0x396daf]
V  [jvm.dll+0x398a41]
C  [jli.dll+0x5263]
C  [ucrtbase.dll+0x21bb2]
C  [KERNEL32.DLL+0x17374]
C  [ntdll.dll+0x4cc91]


---------------  P R O C E S S  ---------------

Threads class SMR info:
_java_thread_list=0x00007ffd40c2db10, length=0, elements={
}

Java Threads: ( => current thread )

Other Threads:
  0x0000021b333fc030 GCTaskThread "GC Thread#0" [stack: 0x000000ea72400000,0x000000ea72500000] [id=38824]
  0x0000021b3340de60 ConcurrentGCThread "G1 Main Marker" [stack: 0x000000ea72500000,0x000000ea72600000] [id=38712]
  0x0000021b3340e960 ConcurrentGCThread "G1 Conc#0" [stack: 0x000000ea72600000,0x000000ea72700000] [id=44256]

[error occurred during error reporting (printing all threads), id 0xc0000005, EXCEPTION_ACCESS_VIOLATION (0xc0000005) at pc=0x00007ffd403cf2c7]

VM state: not at safepoint (not fully initialized)

VM Mutex/Monitor currently owned by a thread:  ([mutex/lock_event])
[0x0000021b3337f890] Heap_lock - owner thread: 0x0000021b33383ac0

Heap address: 0x0000000604800000, size: 8120 MB, Compressed Oops mode: Zero based, Oop shift amount: 3
CDS archive(s) mapped at: [0x0000000000000000-0x0000000000000000-0x0000000000000000), size 0, SharedBaseAddress: 0x0000000800000000, ArchiveRelocationMode: 0.
Narrow klass base: 0x0000000000000000, Narrow klass shift: 0, Narrow klass range: 0x0

Heap:
 garbage-first heap   total 520192K, used 0K [0x0000000604800000, 0x0000000800000000)
  region size 4096K, 0 young (0K), 0 survivors (0K)
 Metaspace       used 0K, capacity 0K, committed 0K, reserved 0K
  class space    used 0K, capacity 0K, committed 0K, reserved 0K

Heap Regions: E=young(eden), S=young(survivor), O=old, HS=humongous(starts), HC=humongous(continues), CS=collection set, F=free, OA=open archive, CA=closed archive, TAMS=top-at-mark-start (previous, next)

Card table byte_map: [0x0000021b4c130000,0x0000021b4d110000] _byte_map_base: 0x0000021b4910c000

Marking Bits (Prev, Next): (CMBitMap*) 0x0000021b333fd740, (CMBitMap*) 0x0000021b333fd780
 Prev Bits: [0x0000021b4e0f0000, 0x0000021b55fd0000)
 Next Bits: [0x0000021b55fd0000, 0x0000021b5deb0000)

GC Heap History (0 events):
No events

Deoptimization events (0 events):
No events

Classes unloaded (0 events):
No events

Classes redefined (0 events):
No events

Internal exceptions (0 events):
No events

Events (1 events):
Event: 0.008 Loaded shared library C:\Users\simmtech\.jdks\azul-15.0.10\bin\java.dll


Dynamic libraries:
0x00007ff6e6540000 - 0x00007ff6e654d000 	C:\Users\simmtech\.jdks\azul-15.0.10\bin\java.exe
0x00007ffde0850000 - 0x00007ffde0a48000 	C:\Windows\SYSTEM32\ntdll.dll
0x00007ffddea70000 - 0x00007ffddeb32000 	C:\Windows\System32\KERNEL32.DLL
0x00007ffdde250000 - 0x00007ffdde54e000 	C:\Windows\System32\KERNELBASE.dll
0x00007ffdde0b0000 - 0x00007ffdde1b0000 	C:\Windows\System32\ucrtbase.dll
0x00007ffdc18a0000 - 0x00007ffdc18b8000 	C:\Users\simmtech\.jdks\azul-15.0.10\bin\jli.dll
0x00007ffdba330000 - 0x00007ffdba345000 	C:\Users\simmtech\.jdks\azul-15.0.10\bin\VCRUNTIME140.dll
0x00007ffddec80000 - 0x00007ffddee1d000 	C:\Windows\System32\USER32.dll
0x00007ffdde550000 - 0x00007ffdde572000 	C:\Windows\System32\win32u.dll
0x00007ffde07e0000 - 0x00007ffde080b000 	C:\Windows\System32\GDI32.dll
0x00007ffdddef0000 - 0x00007ffdde007000 	C:\Windows\System32\gdi32full.dll
0x00007ffdbe590000 - 0x00007ffdbe82a000 	C:\Windows\WinSxS\amd64_microsoft.windows.common-controls_6595b64144ccf1df_6.0.19041.4355_none_60b8b9eb71f62e16\COMCTL32.dll
0x00007ffdde1b0000 - 0x00007ffdde24d000 	C:\Windows\System32\msvcp_win.dll
0x00007ffddf0b0000 - 0x00007ffddf14e000 	C:\Windows\System32\msvcrt.dll
0x00007ffddeba0000 - 0x00007ffddebcf000 	C:\Windows\System32\IMM32.DLL
0x00007ffdb46a0000 - 0x00007ffdb473b000 	C:\Users\simmtech\.jdks\azul-15.0.10\bin\msvcp140.dll
0x00007ffd40130000 - 0x00007ffd40ccc000 	C:\Users\simmtech\.jdks\azul-15.0.10\bin\server\jvm.dll
0x00007ffddf6b0000 - 0x00007ffddf762000 	C:\Windows\System32\ADVAPI32.dll
0x00007ffdde9c0000 - 0x00007ffddea60000 	C:\Windows\System32\sechost.dll
0x00007ffde06b0000 - 0x00007ffde07d3000 	C:\Windows\System32\RPCRT4.dll
0x00007ffdde010000 - 0x00007ffdde037000 	C:\Windows\System32\bcrypt.dll
0x00007ffdde9b0000 - 0x00007ffdde9b8000 	C:\Windows\System32\PSAPI.DLL
0x00007ffdd7320000 - 0x00007ffdd732a000 	C:\Windows\SYSTEM32\VERSION.dll
0x00007ffd8c4f0000 - 0x00007ffd8c4f9000 	C:\Windows\SYSTEM32\WSOCK32.dll
0x00007ffdcc5c0000 - 0x00007ffdcc5e7000 	C:\Windows\SYSTEM32\WINMM.dll
0x00007ffde0130000 - 0x00007ffde019b000 	C:\Windows\System32\WS2_32.dll
0x00007ffddc730000 - 0x00007ffddc742000 	C:\Windows\SYSTEM32\kernel.appcore.dll
0x00007ffdc74d0000 - 0x00007ffdc74da000 	C:\Users\simmtech\.jdks\azul-15.0.10\bin\jimage.dll
0x00007ffddbc70000 - 0x00007ffddbe54000 	C:\Windows\SYSTEM32\DBGHELP.DLL
0x00007ffdc01d0000 - 0x00007ffdc0204000 	C:\Windows\SYSTEM32\dbgcore.DLL
0x00007ffdde680000 - 0x00007ffdde702000 	C:\Windows\System32\bcryptPrimitives.dll
0x00007ffdb7870000 - 0x00007ffdb7895000 	C:\Users\simmtech\.jdks\azul-15.0.10\bin\java.dll

dbghelp: loaded successfully - version: 4.0.5 - missing functions: none
symbol engine: initialized successfully - sym options: 0x614 - pdb path: .;C:\Users\simmtech\.jdks\azul-15.0.10\bin;C:\Windows\SYSTEM32;C:\Windows\WinSxS\amd64_microsoft.windows.common-controls_6595b64144ccf1df_6.0.19041.4355_none_60b8b9eb71f62e16;C:\Users\simmtech\.jdks\azul-15.0.10\bin\server

VM Arguments:
jvm_args: -Djava.net.preferIPv4Stack=true -Dfile.encoding=UTF-8 -Duser.country=KR -Duser.language=ko -Duser.variant 
java_command: hello.login.ItemServiceApplication
java_class_path (initial): C:\Users\simmtech\java study\login\build\classes\java\main;C:\Users\simmtech\java study\login\build\resources\main;C:\Users\simmtech\.gradle\caches\modules-2\files-2.1\org.springframework.boot\spring-boot-starter-thymeleaf\2.4.4\b6cfa0786720394dea233a85c06774bae4f26732\spring-boot-starter-thymeleaf-2.4.4.jar;C:\Users\simmtech\.gradle\caches\modules-2\files-2.1\org.springframework.boot\spring-boot-starter-web\2.4.4\8b84b6800a0b72d644d77aea3df0bf02008096a7\spring-boot-starter-web-2.4.4.jar;C:\Users\simmtech\.gradle\caches\modules-2\files-2.1\org.springframework.boot\spring-boot-starter-validation\2.4.4\b957c992256c91399d7a0ee639948a07e0b7f479\spring-boot-starter-validation-2.4.4.jar;C:\Users\simmtech\.gradle\caches\modules-2\files-2.1\org.springframework.boot\spring-boot-starter-json\2.4.4\3f9622c37d6ece1cbf5889aee688adbcc78ddeea\spring-boot-starter-json-2.4.4.jar;C:\Users\simmtech\.gradle\caches\modules-2\files-2.1\org.springframework.boot\spring-boot-starter\2.4.4\5807f7ab098711f28d7d92c5986c6c5cfd82e996\spring-boot-starter-2.4.4.jar;C:\Users\simmtech\.gradle\caches\modules-2\files-2.1\org.thymeleaf\thymeleaf-spring5\3.0.12.RELEASE\aa640b214411978a23cbe271c3fb9569d1bda608\thymeleaf-spring5-3.0.12.RELEASE.jar;C:\Users\simmtech\.gradle\caches\modules-2\files-2.1\org.thymeleaf.extras\thymeleaf-extras-java8time\3.0.4.RELEASE\36e7175ddce36c486fff4578b5af7bb32f54f5df\thymeleaf-extras-java8time-3.0.4.RELEASE.jar;C:\Users\simmtech\.gradle\caches\modules-2\files-2.1\org.springframework.boot\spring-boot-starter-tomcat\2.4.4\80f3a79a16d80639741f35034364fc30c6e9016a\spring-boot-starter-tomcat-2.4.4.jar;C:\Users\simmtech\.gradle\caches\modules-2\files-2.1\org.springframework\spring-webmvc\5.3.5\449649af0eda09def9b5748bc8438253bf02f9f3\spring-webmvc-5.3.5.jar;C:\Users\simmtech\.gradle\caches\modules-2\files-2.1\org.springframework\spring-web\5.3.5\8233c67b3f33f619f6f8f34cc0f56e01a00e136e\spring-web-5.3.5.jar;C:\Users\simmtech\.gradle\caches\modules-2\
Launcher Type: SUN_STANDARD

[Global flags]
     intx CICompilerCount                          = 12                                        {product} {ergonomic}
     uint ConcGCThreads                            = 3                                         {product} {ergonomic}
     uint G1ConcRefinementThreads                  = 13                                        {product} {ergonomic}
   size_t G1HeapRegionSize                         = 4194304                                   {product} {ergonomic}
    uintx GCDrainStackTargetSize                   = 64                                        {product} {ergonomic}
   size_t InitialHeapSize                          = 532676608                                 {product} {ergonomic}
   size_t MarkStackSize                            = 4194304                                   {product} {ergonomic}
   size_t MaxHeapSize                              = 8514437120                                {product} {ergonomic}
   size_t MinHeapDeltaBytes                        = 4194304                                   {product} {ergonomic}
   size_t MinHeapSize                              = 8388608                                   {product} {ergonomic}
    uintx NonNMethodCodeHeapSize                   = 7602480                                {pd product} {ergonomic}
    uintx NonProfiledCodeHeapSize                  = 122027880                              {pd product} {ergonomic}
    uintx ProfiledCodeHeapSize                     = 122027880                              {pd product} {ergonomic}
    uintx ReservedCodeCacheSize                    = 251658240                              {pd product} {ergonomic}
     bool SegmentedCodeCache                       = true                                      {product} {ergonomic}
   size_t SoftMaxHeapSize                          = 8514437120                             {manageable} {ergonomic}
     bool UseCompressedClassPointers               = true                                 {lp64_product} {ergonomic}
     bool UseCompressedOops                        = true                                 {lp64_product} {ergonomic}
     bool UseG1GC                                  = true                                      {product} {ergonomic}
     bool UseLargePagesIndividualAllocation        = false                                  {pd product} {ergonomic}

Logging:
Log output configuration:
 #0: stdout all=warning uptime,level,tags
 #1: stderr all=off uptime,level,tags

Environment Variables:
JAVA_TOOL_OPTIONS=-Djava.net.preferIPv4Stack=true
PATH=C:\Program Files\Common Files\Oracle\Java\javapath;E:\DevSuiteHome_1\jdk\jre\bin\classic;E:\DevSuiteHome_1\jdk\jre\bin;E:\DevSuiteHome_1\jdk\jre\bin\client;E:\DevSuiteHome_1\jlib;E:\DevSuiteHome_1\bin;E:\DevSuiteHome_1\jre\1.4.2\bin\client;E:\DevSuiteHome_1\jre\1.4.2\bin;E:\app\simmtech\product\11.2.0\dbhome_1\bin;E:\app\simmtech\product\11.2.0\client_1;C:\Windows\system32;C:\Windows;C:\Windows\System32\Wbem;C:\Windows\System32\WindowsPowerShell\v1.0\;C:\Windows\System32\OpenSSH\;C:\Program Files\PuTTY\;C:\Program Files (x86)\Microsoft SQL Server\160\Tools\Binn\;C:\Program Files\Microsoft SQL Server\160\Tools\Binn\;C:\Program Files\Microsoft SQL Server\Client SDK\ODBC\170\Tools\Binn\;C:\Program Files\Microsoft SQL Server\160\DTS\Binn\;C:\Program Files (x86)\Microsoft SQL Server\160\DTS\Binn\;C:\Program Files\Azure Data Studio\bin;C:\Program Files\Bandizip\;C:\Program Files\Git\cmd;C:\Program Files\dotnet\;C:\Users\simmtech\AppData\Local\Programs\Python\Python38\Scripts\;C:\Users\simmtech\AppData\Local\Programs\Python\Python38\;C:\Users\simmtech\AppData\Local\Programs\Python\Python39\Scripts\;C:\Users\simmtech\AppData\Local\Programs\Python\Python39\;C:\Users\simmtech\AppData\Roaming\Microsoft\Windows\Start Menu\Programs\Scripts\;C:\Users\simmtech\AppData\Roaming\Microsoft\Windows\Start Menu\Programs\;C:\Users\simmtech\AppData\Roaming\Microsoft\Windows\Start Menu\Scripts\;C:\Users\simmtech\AppData\Roaming\Microsoft\Windows\Start Menu\;C:\Users\simmtech\AppData\Local\Programs\Python\Python310\Scripts\;C:\Users\simmtech\AppData\Local\Programs\Python\Python310\;C:\Users\simmtech\AppData\Local\Microsoft\WindowsApps;C:\Users\simmtech\AppData\Local\GitHubDesktop\bin;C:\Program Files\JetBrains\PyCharm Community Edition 2022.2.2\bin;C:\Users\simmtech\AppData\Local\Programs\Fiddler;C:\Program Files\Azure Data Studio\bin;C:\Program Files\JetBrains\IntelliJ IDEA Community Edition 2022.3.2\bin;C:\Users\simmtech\.dotnet\tool;
USERNAME=simmtech
OS=Windows_NT
PROCESSOR_IDENTIFIER=Intel64 Family 6 Model 167 Stepping 1, GenuineIntel



---------------  S Y S T E M  ---------------

OS:
 Windows 10 , 64 bit Build 19041 (10.0.19041.4957)
OS uptime: 0 days 6:22 hours

CPU: total 16 (initial active 16) (8 cores per cpu, 2 threads per core) family 6 model 167 stepping 1 microcode 0x62, cmov, cx8, fxsr, mmx, sse, sse2, sse3, ssse3, sse4.1, sse4.2, popcnt, vzeroupper, avx, avx2, aes, clmul, erms, 3dnowpref, lzcnt, ht, tsc, tscinvbit, bmi1, bmi2, adx, avx512f, avx512dq, avx512cd, avx512bw, avx512vl, avx512_vpopcntdq, avx512_vpclmulqdq, avx512_vbmi, avx512_vbmi2, avx512_vaes, avx512_vnni, sha, fma, clflush, clflushopt

Memory: 4k page, system-wide physical 32476M (13488M free)
TotalPageFile size 42204M (AvailPageFile size 416M)
current process WorkingSet (physical memory assigned to process): 11M, peak: 11M
current process commit charge ("private bytes"): 71M, peak: 579M

vm_info: OpenJDK 64-Bit Server VM (15.0.10+5-MTS) for windows-amd64 JRE (15.0.10+5-MTS) (Zulu15.46+17-CA), built on Jan  7 2023 17:34:05 by "zulu_re" with MS VC++ 15.9 (VS2017)

END.
